<?xml version="1.0" encoding="UTF-8"?>
<!-- Generated by org.testng.reporters.JUnitXMLReporter -->
<testsuite ignored="6" hostname="HwaitingX_ART" failures="0" tests="1" name="Default test" time="47.867" errors="0" timestamp="2025-04-22T14:15:50 CDT">
  <testcase classname="locators.NameTests" name="testSubmitButton" time="0.065"/>
  <testcase classname="locators.NameTests" name="testSeleniumCommands" time="0.0">
    <ignored/>
  </testcase> <!-- testSeleniumCommands -->
  <testcase classname="locators.NameTests" name="testProfessionSelect" time="0.0">
    <ignored/>
  </testcase> <!-- testProfessionSelect -->
  <testcase classname="locators.NameTests" name="testFirstName" time="0.0">
    <ignored/>
  </testcase> <!-- testFirstName -->
  <testcase classname="locators.NameTests" name="testAutomationTool" time="0.0">
    <ignored/>
  </testcase> <!-- testAutomationTool -->
  <testcase classname="locators.NameTests" name="testLastName" time="0.0">
    <ignored/>
  </testcase> <!-- testLastName -->
  <testcase classname="locators.NameTests" name="testContinentDropdown" time="0.0">
    <ignored/>
  </testcase> <!-- testContinentDropdown -->
</testsuite> <!-- Default test -->
