<?xml version="1.0" encoding="UTF-8"?>
<!-- Generated by org.testng.reporters.JUnitXMLReporter -->
<testsuite ignored="12" hostname="HwaitingX_ART" failures="0" tests="1" name="Default test" time="7.015" errors="0" timestamp="2025-04-22T02:15:46 CDT">
  <testcase classname="locators.IDTests" name="testInputsOnRegistrationFormSubmit" time="2.779"/>
  <testcase classname="locators.IDTests" name="testEmailInput" time="0.0">
    <ignored/>
  </testcase> <!-- testEmailInput -->
  <testcase classname="locators.IDTests" name="testAddButton" time="0.0">
    <ignored/>
  </testcase> <!-- testAddButton -->
  <testcase classname="locators.IDTests" name="testFirstNameInput" time="0.0">
    <ignored/>
  </testcase> <!-- testFirstNameInput -->
  <testcase classname="locators.IDTests" name="testRegistrationSubmitButton" time="0.0">
    <ignored/>
  </testcase> <!-- testRegistrationSubmitButton -->
  <testcase classname="locators.IDTests" name="testPermanentAddress" time="0.0">
    <ignored/>
  </testcase> <!-- testPermanentAddress -->
  <testcase classname="locators.IDTests" name="testSalaryInputOnRegistrationForm" time="0.0">
    <ignored/>
  </testcase> <!-- testSalaryInputOnRegistrationForm -->
  <testcase classname="locators.IDTests" name="testFullNameInput" time="0.0">
    <ignored/>
  </testcase> <!-- testFullNameInput -->
  <testcase classname="locators.IDTests" name="testCurrentAddress" time="0.0">
    <ignored/>
  </testcase> <!-- testCurrentAddress -->
  <testcase classname="locators.IDTests" name="testSearchBox" time="0.0">
    <ignored/>
  </testcase> <!-- testSearchBox -->
  <testcase classname="locators.IDTests" name="testSubmitButton" time="0.0">
    <ignored/>
  </testcase> <!-- testSubmitButton -->
  <testcase classname="locators.IDTests" name="testAccordianOpen" time="0.0">
    <ignored/>
  </testcase> <!-- testAccordianOpen -->
  <testcase classname="locators.IDTests" name="testDepartmentInputOnRegistrationForm" time="0.0">
    <ignored/>
  </testcase> <!-- testDepartmentInputOnRegistrationForm -->
</testsuite> <!-- Default test -->
